{"/home/matt/Documents/legend-text-game/src/game/Area/Area.ts": {"path":"/home/matt/Documents/legend-text-game/src/game/Area/Area.ts","statementMap":{"0":{"start":{"line":2,"column":2},"end":{"line":2,"column":null}},"1":{"start":{"line":3,"column":2},"end":{"line":3,"column":null}},"2":{"start":{"line":4,"column":2},"end":{"line":4,"column":null}},"3":{"start":{"line":7,"column":4},"end":{"line":7,"column":21}},"4":{"start":{"line":8,"column":4},"end":{"line":8,"column":35}},"5":{"start":{"line":9,"column":4},"end":{"line":9,"column":33}},"6":{"start":{"line":13,"column":4},"end":{"line":22,"column":6}},"7":{"start":{"line":17,"column":41},"end":{"line":20,"column":10}},"8":{"start":{"line":26,"column":4},"end":{"line":26,"column":36}},"9":{"start":{"line":27,"column":4},"end":{"line":27,"column":50}},"10":{"start":{"line":28,"column":4},"end":{"line":33,"column":7}},"11":{"start":{"line":29,"column":28},"end":{"line":29,"column":70}},"12":{"start":{"line":30,"column":6},"end":{"line":32,"column":7}},"13":{"start":{"line":31,"column":8},"end":{"line":31,"column":62}},"14":{"start":{"line":37,"column":4},"end":{"line":46,"column":5}},"15":{"start":{"line":39,"column":8},"end":{"line":39,"column":23}},"16":{"start":{"line":41,"column":8},"end":{"line":41,"column":23}},"17":{"start":{"line":43,"column":8},"end":{"line":43,"column":22}},"18":{"start":{"line":45,"column":8},"end":{"line":45,"column":22}},"19":{"start":{"line":50,"column":4},"end":{"line":50,"column":42}},"20":{"start":{"line":54,"column":4},"end":{"line":54,"column":47}},"21":{"start":{"line":1,"column":0},"end":{"line":1,"column":13}}},"fnMap":{"0":{"name":"(anonymous_0)","decl":{"start":{"line":6,"column":2},"end":{"line":6,"column":14}},"loc":{"start":{"line":6,"column":47},"end":{"line":10,"column":3}}},"1":{"name":"(anonymous_1)","decl":{"start":{"line":12,"column":2},"end":{"line":12,"column":11}},"loc":{"start":{"line":12,"column":11},"end":{"line":23,"column":3}}},"2":{"name":"(anonymous_2)","decl":{"start":{"line":17,"column":8},"end":{"line":17,"column":9}},"loc":{"start":{"line":17,"column":41},"end":{"line":20,"column":10}}},"3":{"name":"(anonymous_3)","decl":{"start":{"line":25,"column":2},"end":{"line":25,"column":6}},"loc":{"start":{"line":25,"column":55},"end":{"line":34,"column":3}}},"4":{"name":"(anonymous_4)","decl":{"start":{"line":28,"column":39},"end":{"line":28,"column":40}},"loc":{"start":{"line":28,"column":59},"end":{"line":33,"column":5}}},"5":{"name":"(anonymous_5)","decl":{"start":{"line":36,"column":2},"end":{"line":36,"column":19}},"loc":{"start":{"line":36,"column":37},"end":{"line":47,"column":3}}},"6":{"name":"(anonymous_6)","decl":{"start":{"line":49,"column":2},"end":{"line":49,"column":13}},"loc":{"start":{"line":49,"column":43},"end":{"line":51,"column":3}}},"7":{"name":"(anonymous_7)","decl":{"start":{"line":53,"column":2},"end":{"line":53,"column":10}},"loc":{"start":{"line":53,"column":10},"end":{"line":55,"column":3}}}},"branchMap":{"0":{"loc":{"start":{"line":30,"column":6},"end":{"line":32,"column":7}},"type":"if","locations":[{"start":{"line":30,"column":6},"end":{"line":32,"column":7}}]},"1":{"loc":{"start":{"line":37,"column":4},"end":{"line":46,"column":5}},"type":"switch","locations":[{"start":{"line":38,"column":6},"end":{"line":39,"column":23}},{"start":{"line":40,"column":6},"end":{"line":41,"column":23}},{"start":{"line":42,"column":6},"end":{"line":43,"column":22}},{"start":{"line":44,"column":6},"end":{"line":45,"column":22}}]}},"s":{"0":26,"1":26,"2":26,"3":26,"4":26,"5":26,"6":4,"7":0,"8":2,"9":2,"10":2,"11":0,"12":0,"13":0,"14":8,"15":1,"16":2,"17":3,"18":2,"19":9,"20":1,"21":3},"f":{"0":26,"1":4,"2":0,"3":2,"4":0,"5":8,"6":9,"7":1},"b":{"0":[0],"1":[1,2,3,2]}}
,"/home/matt/Documents/legend-text-game/src/game/Player/Player.ts": {"path":"/home/matt/Documents/legend-text-game/src/game/Player/Player.ts","statementMap":{"0":{"start":{"line":1,"column":0},"end":{"line":1,"column":36}},"1":{"start":{"line":4,"column":2},"end":{"line":4,"column":null}},"2":{"start":{"line":7,"column":4},"end":{"line":7,"column":33}},"3":{"start":{"line":11,"column":4},"end":{"line":13,"column":6}},"4":{"start":{"line":17,"column":4},"end":{"line":18,"column":70}},"5":{"start":{"line":22,"column":4},"end":{"line":22,"column":33}},"6":{"start":{"line":26,"column":19},"end":{"line":26,"column":62}},"7":{"start":{"line":27,"column":4},"end":{"line":36,"column":5}},"8":{"start":{"line":29,"column":26},"end":{"line":29,"column":65}},"9":{"start":{"line":30,"column":6},"end":{"line":33,"column":8}},"10":{"start":{"line":34,"column":6},"end":{"line":34,"column":56}},"11":{"start":{"line":35,"column":6},"end":{"line":35,"column":62}},"12":{"start":{"line":38,"column":4},"end":{"line":38,"column":32}},"13":{"start":{"line":39,"column":4},"end":{"line":39,"column":59}},"14":{"start":{"line":40,"column":4},"end":{"line":40,"column":37}},"15":{"start":{"line":44,"column":4},"end":{"line":44,"column":45}},"16":{"start":{"line":3,"column":0},"end":{"line":3,"column":13}}},"fnMap":{"0":{"name":"(anonymous_0)","decl":{"start":{"line":6,"column":2},"end":{"line":6,"column":14}},"loc":{"start":{"line":6,"column":29},"end":{"line":8,"column":3}}},"1":{"name":"(anonymous_1)","decl":{"start":{"line":10,"column":2},"end":{"line":10,"column":11}},"loc":{"start":{"line":10,"column":11},"end":{"line":14,"column":3}}},"2":{"name":"(anonymous_2)","decl":{"start":{"line":16,"column":2},"end":{"line":16,"column":6}},"loc":{"start":{"line":16,"column":30},"end":{"line":19,"column":3}}},"3":{"name":"(anonymous_3)","decl":{"start":{"line":21,"column":2},"end":{"line":21,"column":12}},"loc":{"start":{"line":21,"column":28},"end":{"line":23,"column":3}}},"4":{"name":"(anonymous_4)","decl":{"start":{"line":25,"column":2},"end":{"line":25,"column":6}},"loc":{"start":{"line":25,"column":24},"end":{"line":41,"column":3}}},"5":{"name":"(anonymous_5)","decl":{"start":{"line":43,"column":2},"end":{"line":43,"column":18}},"loc":{"start":{"line":43,"column":18},"end":{"line":45,"column":3}}}},"branchMap":{"0":{"loc":{"start":{"line":18,"column":6},"end":{"line":18,"column":69}},"type":"binary-expr","locations":[{"start":{"line":18,"column":6},"end":{"line":18,"column":43}},{"start":{"line":18,"column":47},"end":{"line":18,"column":69}}]},"1":{"loc":{"start":{"line":27,"column":4},"end":{"line":36,"column":5}},"type":"if","locations":[{"start":{"line":27,"column":4},"end":{"line":36,"column":5}}]}},"s":{"0":1,"1":3,"2":3,"3":1,"4":1,"5":0,"6":0,"7":0,"8":0,"9":0,"10":0,"11":0,"12":0,"13":0,"14":0,"15":0,"16":1},"f":{"0":3,"1":1,"2":1,"3":0,"4":0,"5":0},"b":{"0":[1,0],"1":[0]}}
,"/home/matt/Documents/legend-text-game/src/game/World/World.ts": {"path":"/home/matt/Documents/legend-text-game/src/game/World/World.ts","statementMap":{"0":{"start":{"line":1,"column":0},"end":{"line":1,"column":36}},"1":{"start":{"line":4,"column":2},"end":{"line":4,"column":null}},"2":{"start":{"line":5,"column":2},"end":{"line":5,"column":null}},"3":{"start":{"line":8,"column":4},"end":{"line":8,"column":27}},"4":{"start":{"line":9,"column":4},"end":{"line":9,"column":72}},"5":{"start":{"line":13,"column":4},"end":{"line":15,"column":6}},"6":{"start":{"line":14,"column":59},"end":{"line":14,"column":75}},"7":{"start":{"line":20,"column":4},"end":{"line":20,"column":23}},"8":{"start":{"line":22,"column":4},"end":{"line":25,"column":7}},"9":{"start":{"line":23,"column":19},"end":{"line":23,"column":64}},"10":{"start":{"line":24,"column":6},"end":{"line":24,"column":42}},"11":{"start":{"line":27,"column":4},"end":{"line":32,"column":7}},"12":{"start":{"line":28,"column":19},"end":{"line":28,"column":48}},"13":{"start":{"line":29,"column":6},"end":{"line":31,"column":7}},"14":{"start":{"line":30,"column":8},"end":{"line":30,"column":40}},"15":{"start":{"line":34,"column":4},"end":{"line":34,"column":33}},"16":{"start":{"line":38,"column":4},"end":{"line":38,"column":70}},"17":{"start":{"line":39,"column":4},"end":{"line":39,"column":55}},"18":{"start":{"line":40,"column":4},"end":{"line":40,"column":68}},"19":{"start":{"line":42,"column":4},"end":{"line":42,"column":55}},"20":{"start":{"line":43,"column":4},"end":{"line":43,"column":55}},"21":{"start":{"line":44,"column":4},"end":{"line":44,"column":59}},"22":{"start":{"line":45,"column":4},"end":{"line":45,"column":41}},"23":{"start":{"line":49,"column":4},"end":{"line":49,"column":32}},"24":{"start":{"line":53,"column":4},"end":{"line":53,"column":28}},"25":{"start":{"line":57,"column":17},"end":{"line":57,"column":44}},"26":{"start":{"line":58,"column":4},"end":{"line":58,"column":31}},"27":{"start":{"line":59,"column":4},"end":{"line":59,"column":16}},"28":{"start":{"line":63,"column":21},"end":{"line":63,"column":45}},"29":{"start":{"line":64,"column":19},"end":{"line":64,"column":41}},"30":{"start":{"line":65,"column":4},"end":{"line":70,"column":5}},"31":{"start":{"line":66,"column":6},"end":{"line":66,"column":46}},"32":{"start":{"line":67,"column":6},"end":{"line":67,"column":72}},"33":{"start":{"line":69,"column":6},"end":{"line":69,"column":80}},"34":{"start":{"line":3,"column":0},"end":{"line":3,"column":13}}},"fnMap":{"0":{"name":"(anonymous_0)","decl":{"start":{"line":7,"column":2},"end":{"line":7,"column":null}},"loc":{"start":{"line":7,"column":2},"end":{"line":10,"column":3}}},"1":{"name":"(anonymous_1)","decl":{"start":{"line":12,"column":2},"end":{"line":12,"column":11}},"loc":{"start":{"line":12,"column":11},"end":{"line":16,"column":3}}},"2":{"name":"(anonymous_2)","decl":{"start":{"line":14,"column":49},"end":{"line":14,"column":50}},"loc":{"start":{"line":14,"column":59},"end":{"line":14,"column":75}}},"3":{"name":"(anonymous_3)","decl":{"start":{"line":19,"column":2},"end":{"line":19,"column":6}},"loc":{"start":{"line":19,"column":27},"end":{"line":35,"column":3}}},"4":{"name":"(anonymous_4)","decl":{"start":{"line":22,"column":34},"end":{"line":22,"column":35}},"loc":{"start":{"line":22,"column":52},"end":{"line":25,"column":5}}},"5":{"name":"(anonymous_5)","decl":{"start":{"line":27,"column":34},"end":{"line":27,"column":35}},"loc":{"start":{"line":27,"column":52},"end":{"line":32,"column":5}}},"6":{"name":"(anonymous_6)","decl":{"start":{"line":37,"column":2},"end":{"line":37,"column":12}},"loc":{"start":{"line":37,"column":12},"end":{"line":46,"column":3}}},"7":{"name":"(anonymous_7)","decl":{"start":{"line":48,"column":2},"end":{"line":48,"column":9}},"loc":{"start":{"line":48,"column":22},"end":{"line":50,"column":3}}},"8":{"name":"(anonymous_8)","decl":{"start":{"line":52,"column":2},"end":{"line":52,"column":16}},"loc":{"start":{"line":52,"column":16},"end":{"line":54,"column":3}}},"9":{"name":"(anonymous_9)","decl":{"start":{"line":56,"column":2},"end":{"line":56,"column":9}},"loc":{"start":{"line":56,"column":43},"end":{"line":60,"column":3}}},"10":{"name":"(anonymous_10)","decl":{"start":{"line":62,"column":2},"end":{"line":62,"column":14}},"loc":{"start":{"line":62,"column":66},"end":{"line":71,"column":3}}}},"branchMap":{"0":{"loc":{"start":{"line":29,"column":6},"end":{"line":31,"column":7}},"type":"if","locations":[{"start":{"line":29,"column":6},"end":{"line":31,"column":7}}]},"1":{"loc":{"start":{"line":65,"column":4},"end":{"line":70,"column":5}},"type":"if","locations":[{"start":{"line":65,"column":4},"end":{"line":70,"column":5}},{"start":{"line":68,"column":11},"end":{"line":70,"column":5}}]},"2":{"loc":{"start":{"line":65,"column":8},"end":{"line":65,"column":26}},"type":"binary-expr","locations":[{"start":{"line":65,"column":8},"end":{"line":65,"column":16}},{"start":{"line":65,"column":20},"end":{"line":65,"column":26}}]}},"s":{"0":1,"1":7,"2":7,"3":7,"4":7,"5":2,"6":2,"7":1,"8":1,"9":1,"10":1,"11":1,"12":1,"13":1,"14":1,"15":1,"16":1,"17":1,"18":1,"19":1,"20":1,"21":1,"22":1,"23":2,"24":1,"25":9,"26":9,"27":9,"28":4,"29":4,"30":4,"31":4,"32":4,"33":0,"34":1},"f":{"0":7,"1":2,"2":2,"3":1,"4":1,"5":1,"6":1,"7":2,"8":1,"9":9,"10":4},"b":{"0":[1],"1":[4,0],"2":[4,4]}}
}
